2026-04-10 13:44:02,544 [INFO] 
============================================================
2026-04-10 13:44:02,544 [INFO] \u2699\ufe0f HFA 全自動研究與訓練管線 (Self-Guarded) 啟動
2026-04-10 13:44:02,544 [INFO] ============================================================
2026-04-10 13:44:02,544 [INFO] 
\u23f3 階段：資料更新
2026-04-10 13:44:02,544 [INFO] \U0001f680 執行 daily_chip_etl.py（第 1 次）
2026-04-10 13:44:05,051 [INFO] ==========================================================
\U0001f6a2 [旗艦巨獸] 啟動時間: 2026-04-10 13:44:03
==========================================================
========================================================
\U0001f9e9 開機先執行：法人籌碼 CSV → SQL 本地補資料
========================================================
\U0001f4c2 地端 CSV 不存在：daily_chip_data_backup.csv
\U0001f5c4\ufe0f 已讀取 SQL 既有資料鍵值：4374 筆
\U0001f4c2 法人籌碼本地 CSV 為空，沒有資料可補進 SQL。
========================================================
\U0001f9e9 開機先執行：月營收 CSV → SQL 本地補資料
========================================================
\u23f3 已寫入 200 筆...
\u23f3 已寫入 400 筆...
\u23f3 已寫入 600 筆...
\u23f3 已寫入 800 筆...
\u23f3 已寫入 1000 筆...
\U0001f389 SQL 寫入完成：1064 筆 -> monthly_revenue_simple
\U0001f389 月營收本地 CSV 已補進 SQL。
========================================================
\U0001f9e9 開機先執行：季財報 CSV → SQL 本地補資料
========================================================
\U0001f4c2 季財報本地 CSV 不存在：market_financials_backup_fullspeed.csv

\u26aa [日更雷達] 法人籌碼上網補抓：尚未到可抓取時間 17:30，目前 13:44。

\u26aa [月更雷達] 月營收上網補抓：尚未到可抓取時間 18:30，目前 13:44。

\u26aa [季更雷達] 季財報上網補抓：日期條件未達成。

==========================================================
\U0001f3c1 全產線自動化排程檢測完畢！
==========================================================

2026-04-10 13:44:05,051 [INFO] \u2705 完成 daily_chip_etl.py（2.5s）
2026-04-10 13:44:05,190 [INFO] 
\u26a1 今日跳過 AI 重訓，使用現役模型
2026-04-10 13:44:05,812 [INFO] \U0001f324\ufe0f 大盤氣候判定：多頭順風，允許標準火力。
2026-04-10 13:44:05,812 [INFO] \U0001f30d 市場氣候：多頭順風 | 風險倍率：1.00
2026-04-10 13:44:05,812 [INFO] \U0001f4e1 啟動動態索敵雷達：正在從 SQL 資料庫獲取監控名單...
2026-04-10 13:44:05,818 [INFO] \u2705 成功鎖定 1067 檔目標進行掃描！
2026-04-10 13:44:05,937 [INFO] \u2705 雙引擎交集完成：原始監控 1067 檔 | 基本面精選 5 檔 | 最終清單 5 檔
2026-04-10 13:44:05,937 [INFO] \U0001f4e1 戰情中心：正在同步 5 檔標的資料 (\u26a1啟用智慧快取)...
2026-04-10 13:44:07,289 [INFO] \u2705 已完成 5 檔資料載入
2026-04-10 13:44:07,291 [INFO] \u26a0\ufe0f 特徵檔載入失敗：pop from empty list
2026-04-10 13:44:07,291 [INFO] \u26a0\ufe0f 趨勢多頭 模型載入失敗：pop from empty list
2026-04-10 13:44:07,291 [INFO] \u26a0\ufe0f 區間盤整 模型載入失敗：pop from empty list
2026-04-10 13:44:07,291 [INFO] \u26a0\ufe0f 趨勢空頭 模型載入失敗：pop from empty list
2026-04-10 13:45:30,224 [INFO] 
============================================================
2026-04-10 13:45:30,224 [INFO] \u2699\ufe0f HFA 全自動研究與訓練管線 (Self-Guarded) 啟動
2026-04-10 13:45:30,224 [INFO] ============================================================
2026-04-10 13:45:30,224 [INFO] 
\u23f3 階段：資料更新
2026-04-10 13:45:30,224 [INFO] \U0001f680 執行 daily_chip_etl.py（第 1 次）
2026-04-10 13:45:32,300 [INFO] ==========================================================
\U0001f6a2 [旗艦巨獸] 啟動時間: 2026-04-10 13:45:30
==========================================================
========================================================
\U0001f9e9 開機先執行：法人籌碼 CSV → SQL 本地補資料
========================================================
\U0001f4c2 地端 CSV 不存在：daily_chip_data_backup.csv
\U0001f5c4\ufe0f 已讀取 SQL 既有資料鍵值：4374 筆
\U0001f4c2 法人籌碼本地 CSV 為空，沒有資料可補進 SQL。
========================================================
\U0001f9e9 開機先執行：月營收 CSV → SQL 本地補資料
========================================================
\u23f3 已寫入 200 筆...
\u23f3 已寫入 400 筆...
\u23f3 已寫入 600 筆...
\u23f3 已寫入 800 筆...
\u23f3 已寫入 1000 筆...
\U0001f389 SQL 寫入完成：1064 筆 -> monthly_revenue_simple
\U0001f389 月營收本地 CSV 已補進 SQL。
========================================================
\U0001f9e9 開機先執行：季財報 CSV → SQL 本地補資料
========================================================
\U0001f4c2 季財報本地 CSV 不存在：market_financials_backup_fullspeed.csv

\u26aa [日更雷達] 法人籌碼上網補抓：尚未到可抓取時間 17:30，目前 13:45。

\u26aa [月更雷達] 月營收上網補抓：尚未到可抓取時間 18:30，目前 13:45。

\u26aa [季更雷達] 季財報上網補抓：日期條件未達成。

==========================================================
\U0001f3c1 全產線自動化排程檢測完畢！
==========================================================

2026-04-10 13:45:32,300 [INFO] \u2705 完成 daily_chip_etl.py（2.1s）
2026-04-10 13:45:32,424 [INFO] 
\u26a1 今日跳過 AI 重訓，使用現役模型
2026-04-10 13:45:33,175 [INFO] \U0001f324\ufe0f 大盤氣候判定：多頭順風，允許標準火力。
2026-04-10 13:45:33,175 [INFO] \U0001f30d 市場氣候：多頭順風 | 風險倍率：1.00
2026-04-10 13:45:33,175 [INFO] \U0001f4e1 啟動動態索敵雷達：正在從 SQL 資料庫獲取監控名單...
2026-04-10 13:45:33,185 [INFO] \u2705 成功鎖定 1067 檔目標進行掃描！
2026-04-10 13:45:33,308 [INFO] \u2705 雙引擎交集完成：原始監控 1067 檔 | 基本面精選 5 檔 | 最終清單 5 檔
2026-04-10 13:45:33,308 [INFO] \U0001f4e1 戰情中心：正在同步 5 檔標的資料 (\u26a1啟用智慧快取)...
2026-04-10 13:45:33,442 [INFO] \u2705 已完成 5 檔資料載入
2026-04-10 13:45:33,442 [INFO] \u26a0\ufe0f 特徵檔載入失敗：pop from empty list
2026-04-10 13:45:33,442 [INFO] \u26a0\ufe0f 趨勢多頭 模型載入失敗：pop from empty list
2026-04-10 13:45:33,442 [INFO] \u26a0\ufe0f 區間盤整 模型載入失敗：pop from empty list
2026-04-10 13:45:33,442 [INFO] \u26a0\ufe0f 趨勢空頭 模型載入失敗：pop from empty list
2026-04-10 14:22:56,909 [INFO] 
============================================================
2026-04-10 14:22:56,909 [INFO] \u2699\ufe0f HFA 全自動研究與訓練管線 (Self-Guarded) 啟動
2026-04-10 14:22:56,909 [INFO] ============================================================
2026-04-10 14:22:56,909 [INFO] 
\u23f3 階段：資料更新
2026-04-10 14:22:56,909 [INFO] \U0001f680 執行 daily_chip_etl.py（第 1 次）
2026-04-10 14:22:59,344 [INFO] ==========================================================
\U0001f6a2 [旗艦巨獸] 啟動時間: 2026-04-10 14:22:57
==========================================================
========================================================
\U0001f9e9 開機先執行：法人籌碼 CSV → SQL 本地補資料
========================================================
\U0001f4c2 地端 CSV 不存在：daily_chip_data_backup.csv
\U0001f5c4\ufe0f 已讀取 SQL 既有資料鍵值：4374 筆
\U0001f4c2 法人籌碼本地 CSV 為空，沒有資料可補進 SQL。
========================================================
\U0001f9e9 開機先執行：月營收 CSV → SQL 本地補資料
========================================================
\u23f3 已寫入 200 筆...
\u23f3 已寫入 400 筆...
\u23f3 已寫入 600 筆...
\u23f3 已寫入 800 筆...
\u23f3 已寫入 1000 筆...
\U0001f389 SQL 寫入完成：1064 筆 -> monthly_revenue_simple
\U0001f389 月營收本地 CSV 已補進 SQL。
========================================================
\U0001f9e9 開機先執行：季財報 CSV → SQL 本地補資料
========================================================
\U0001f4c2 季財報本地 CSV 不存在：market_financials_backup_fullspeed.csv

\u26aa [日更雷達] 法人籌碼上網補抓：尚未到可抓取時間 17:30，目前 14:22。

\u26aa [月更雷達] 月營收上網補抓：尚未到可抓取時間 18:30，目前 14:22。

\u26aa [季更雷達] 季財報上網補抓：日期條件未達成。

==========================================================
\U0001f3c1 全產線自動化排程檢測完畢！
==========================================================

2026-04-10 14:22:59,344 [INFO] \u2705 完成 daily_chip_etl.py（2.4s）
2026-04-10 14:22:59,466 [INFO] 
\u26a1 今日跳過 AI 重訓，使用現役模型
2026-04-10 14:23:00,156 [INFO] \U0001f324\ufe0f 大盤氣候判定：多頭順風，允許標準火力。
2026-04-10 14:23:00,156 [INFO] \U0001f30d 市場氣候：多頭順風 | 風險倍率：1.00
2026-04-10 14:23:00,156 [INFO] \U0001f4e1 啟動動態索敵雷達：正在從 SQL 資料庫獲取監控名單...
2026-04-10 14:23:00,166 [INFO] \u2705 成功鎖定 1067 檔目標進行掃描！
2026-04-10 14:23:00,280 [INFO] \u2705 雙引擎交集完成：原始監控 1067 檔 | 基本面精選 5 檔 | 最終清單 5 檔
2026-04-10 14:23:00,280 [INFO] \U0001f4e1 戰情中心：正在同步 5 檔標的資料 (\u26a1啟用智慧快取)...
2026-04-10 14:23:00,356 [INFO] \u2705 已完成 5 檔資料載入
2026-04-10 14:23:00,356 [INFO] \u26a0\ufe0f 特徵檔載入失敗：pop from empty list
2026-04-10 14:23:00,356 [INFO] \u26a0\ufe0f 趨勢多頭 模型載入失敗：pop from empty list
2026-04-10 14:23:00,356 [INFO] \u26a0\ufe0f 區間盤整 模型載入失敗：pop from empty list
2026-04-10 14:23:00,356 [INFO] \u26a0\ufe0f 趨勢空頭 模型載入失敗：pop from empty list
2026-04-10 16:00:25,695 [INFO] 
============================================================
2026-04-10 16:00:25,695 [INFO] \u2699\ufe0f HFA 全自動研究與訓練管線 (Self-Guarded) 啟動
2026-04-10 16:00:25,695 [INFO] ============================================================
2026-04-10 16:00:25,695 [INFO] 
\u23f3 階段：資料更新
2026-04-10 16:00:25,695 [INFO] \U0001f680 執行 daily_chip_etl.py（第 1 次）
2026-04-10 16:00:27,889 [INFO] ==========================================================
\U0001f6a2 [旗艦巨獸] 啟動時間: 2026-04-10 16:00:26
==========================================================
========================================================
\U0001f9e9 開機先執行：法人籌碼 CSV → SQL 本地補資料
========================================================
\U0001f4c2 地端 CSV 不存在：daily_chip_data_backup.csv
\U0001f5c4\ufe0f 已讀取 SQL 既有資料鍵值：4374 筆
\U0001f4c2 法人籌碼本地 CSV 為空，沒有資料可補進 SQL。
========================================================
\U0001f9e9 開機先執行：月營收 CSV → SQL 本地補資料
========================================================
\u23f3 已寫入 200 筆...
\u23f3 已寫入 400 筆...
\u23f3 已寫入 600 筆...
\u23f3 已寫入 800 筆...
\u23f3 已寫入 1000 筆...
\U0001f389 SQL 寫入完成：1064 筆 -> monthly_revenue_simple
\U0001f389 月營收本地 CSV 已補進 SQL。
========================================================
\U0001f9e9 開機先執行：季財報 CSV → SQL 本地補資料
========================================================
\U0001f4c2 季財報本地 CSV 不存在：market_financials_backup_fullspeed.csv

\u26aa [日更雷達] 法人籌碼上網補抓：尚未到可抓取時間 17:30，目前 16:00。

\u26aa [月更雷達] 月營收上網補抓：尚未到可抓取時間 18:30，目前 16:00。

\u26aa [季更雷達] 季財報上網補抓：日期條件未達成。

==========================================================
\U0001f3c1 全產線自動化排程檢測完畢！
==========================================================

2026-04-10 16:00:27,889 [INFO] \u2705 完成 daily_chip_etl.py（2.2s）
2026-04-10 16:00:28,016 [INFO] 
\u26a1 今日跳過 AI 重訓，使用現役模型
2026-04-10 16:00:28,791 [INFO] \U0001f324\ufe0f 大盤氣候判定：多頭順風，允許標準火力。
2026-04-10 16:00:28,791 [INFO] \U0001f30d 市場氣候：多頭順風 | 風險倍率：1.00
2026-04-10 16:00:28,791 [INFO] \U0001f4e1 啟動動態索敵雷達：正在從 SQL 資料庫獲取監控名單...
2026-04-10 16:00:28,795 [INFO] \u2705 成功鎖定 1067 檔目標進行掃描！
2026-04-10 16:00:28,905 [INFO] \u2705 雙引擎交集完成：原始監控 1067 檔 | 基本面精選 5 檔 | 最終清單 5 檔
2026-04-10 16:00:28,905 [INFO] \U0001f4e1 戰情中心：正在同步 5 檔標的資料 (\u26a1啟用智慧快取)...
2026-04-10 16:00:29,009 [INFO] \u2705 已完成 5 檔資料載入
2026-04-10 16:00:29,010 [INFO] \u26a0\ufe0f 特徵檔載入失敗：pop from empty list
2026-04-10 16:00:29,010 [INFO] \u26a0\ufe0f 趨勢多頭 模型載入失敗：pop from empty list
2026-04-10 16:00:29,010 [INFO] \u26a0\ufe0f 區間盤整 模型載入失敗：pop from empty list
2026-04-10 16:00:29,010 [INFO] \u26a0\ufe0f 趨勢空頭 模型載入失敗：pop from empty list
2026-04-10 16:00:29,342 [INFO] \u26a0\ufe0f 今日沒有合格標的產出。
2026-04-10 16:00:29,342 [INFO] \U0001f4ca 已生成系統日誌 daily_report.json
2026-04-10 16:01:20,440 [INFO] 
============================================================
2026-04-10 16:01:20,442 [INFO] \u2699\ufe0f HFA 全自動研究與訓練管線 (Self-Guarded) 啟動
2026-04-10 16:01:20,442 [INFO] ============================================================
2026-04-10 16:01:20,442 [INFO] 
\u23f3 階段：資料更新
2026-04-10 16:01:20,442 [INFO] \U0001f680 執行 daily_chip_etl.py（第 1 次）
2026-04-10 16:01:22,777 [INFO] ==========================================================
\U0001f6a2 [旗艦巨獸] 啟動時間: 2026-04-10 16:01:21
==========================================================
========================================================
\U0001f9e9 開機先執行：法人籌碼 CSV → SQL 本地補資料
========================================================
\U0001f4c2 地端 CSV 不存在：daily_chip_data_backup.csv
\U0001f5c4\ufe0f 已讀取 SQL 既有資料鍵值：4374 筆
\U0001f4c2 法人籌碼本地 CSV 為空，沒有資料可補進 SQL。
========================================================
\U0001f9e9 開機先執行：月營收 CSV → SQL 本地補資料
========================================================
\u23f3 已寫入 200 筆...
\u23f3 已寫入 400 筆...
\u23f3 已寫入 600 筆...
\u23f3 已寫入 800 筆...
\u23f3 已寫入 1000 筆...
\U0001f389 SQL 寫入完成：1064 筆 -> monthly_revenue_simple
\U0001f389 月營收本地 CSV 已補進 SQL。
========================================================
\U0001f9e9 開機先執行：季財報 CSV → SQL 本地補資料
========================================================
\U0001f4c2 季財報本地 CSV 不存在：market_financials_backup_fullspeed.csv

\u26aa [日更雷達] 法人籌碼上網補抓：尚未到可抓取時間 17:30，目前 16:01。

\u26aa [月更雷達] 月營收上網補抓：尚未到可抓取時間 18:30，目前 16:01。

\u26aa [季更雷達] 季財報上網補抓：日期條件未達成。

==========================================================
\U0001f3c1 全產線自動化排程檢測完畢！
==========================================================

2026-04-10 16:01:22,777 [INFO] \u2705 完成 daily_chip_etl.py（2.3s）
2026-04-10 16:01:23,030 [INFO] 
\u26a1 今日跳過 AI 重訓，使用現役模型
2026-04-10 16:01:23,759 [INFO] \U0001f324\ufe0f 大盤氣候判定：多頭順風，允許標準火力。
2026-04-10 16:01:23,759 [INFO] \U0001f30d 市場氣候：多頭順風 | 風險倍率：1.00
2026-04-10 16:01:23,759 [INFO] \U0001f4e1 啟動動態索敵雷達：正在從 SQL 資料庫獲取監控名單...
2026-04-10 16:01:23,769 [INFO] \u2705 成功鎖定 1067 檔目標進行掃描！
2026-04-10 16:01:23,967 [INFO] \u2705 雙引擎交集完成：原始監控 1067 檔 | 基本面精選 5 檔 | 最終清單 5 檔
2026-04-10 16:01:23,967 [INFO] \U0001f4e1 戰情中心：正在同步 5 檔標的資料 (\u26a1啟用智慧快取)...
2026-04-10 16:01:24,118 [INFO] \u2705 已完成 5 檔資料載入
2026-04-10 16:01:24,118 [INFO] \u26a0\ufe0f 特徵檔載入失敗：pop from empty list
2026-04-10 16:01:24,118 [INFO] \u26a0\ufe0f 趨勢多頭 模型載入失敗：pop from empty list
2026-04-10 16:01:24,120 [INFO] \u26a0\ufe0f 區間盤整 模型載入失敗：pop from empty list
2026-04-10 16:01:24,120 [INFO] \u26a0\ufe0f 趨勢空頭 模型載入失敗：pop from empty list
2026-04-10 16:01:24,950 [INFO] \u26a0\ufe0f 今日沒有合格標的產出。
2026-04-10 16:01:24,951 [INFO] \U0001f4ca 已生成系統日誌 daily_report.json
2026-04-10 16:35:10,266 [INFO] 
============================================================
2026-04-10 16:35:10,266 [INFO] \u2699\ufe0f HFA 全自動研究與訓練管線 (Self-Guarded) 啟動
2026-04-10 16:35:10,266 [INFO] ============================================================
2026-04-10 16:35:10,266 [INFO] 
\u23f3 階段：資料更新
2026-04-10 16:35:10,266 [INFO] \U0001f680 執行 daily_chip_etl.py（第 1 次）
2026-04-10 16:35:12,707 [INFO] ==========================================================
\U0001f6a2 [旗艦巨獸] 啟動時間: 2026-04-10 16:35:10
==========================================================
========================================================
\U0001f9e9 開機先執行：法人籌碼 CSV → SQL 本地補資料
========================================================
\U0001f4c2 地端 CSV 不存在：daily_chip_data_backup.csv
\U0001f5c4\ufe0f 已讀取 SQL 既有資料鍵值：0 筆
\U0001f4c2 法人籌碼本地 CSV 為空，沒有資料可補進 SQL。
========================================================
\U0001f9e9 開機先執行：月營收 CSV → SQL 本地補資料
========================================================
\u23f3 已寫入 200 筆...
\u23f3 已寫入 400 筆...
\u23f3 已寫入 600 筆...
\u23f3 已寫入 800 筆...
\u23f3 已寫入 1000 筆...
\U0001f389 SQL 寫入完成：1064 筆 -> monthly_revenue_simple
\U0001f389 月營收本地 CSV 已補進 SQL。
========================================================
\U0001f9e9 開機先執行：季財報 CSV → SQL 本地補資料
========================================================
\U0001f4c2 季財報本地 CSV 不存在：market_financials_backup_fullspeed.csv

\u26aa [日更雷達] 法人籌碼上網補抓：尚未到可抓取時間 17:30，目前 16:35。

\u26aa [月更雷達] 月營收上網補抓：尚未到可抓取時間 18:30，目前 16:35。

\u26aa [季更雷達] 季財報上網補抓：日期條件未達成。

==========================================================
\U0001f3c1 全產線自動化排程檢測完畢！
==========================================================

2026-04-10 16:35:12,707 [INFO] \u2705 完成 daily_chip_etl.py（2.4s）
2026-04-10 16:35:12,833 [INFO] 
\u26a1 今日跳過 AI 重訓，使用現役模型
2026-04-10 16:35:13,763 [INFO] \U0001f324\ufe0f 大盤氣候判定：多頭順風，允許標準火力。
2026-04-10 16:35:13,763 [INFO] \U0001f30d 市場氣候：多頭順風 | 風險倍率：1.00
2026-04-10 16:35:13,763 [INFO] \U0001f4e1 啟動動態索敵雷達：正在從 SQL 資料庫獲取監控名單...
2026-04-10 16:35:13,763 [INFO] \U0001f6d1 致命錯誤：無法連線 SQL 或獲取動態名單！詳細原因: 資料庫中找不到任何股票代碼！請檢查資料表是否為空。
2026-04-10 16:35:13,763 [INFO] \U0001f4ca 已生成系統日誌 daily_report.json
2026-04-10 16:46:09,704 [INFO] 
============================================================
2026-04-10 16:46:09,704 [INFO] \u2699\ufe0f HFA 全自動研究與訓練管線 (Self-Guarded) 啟動
2026-04-10 16:46:09,704 [INFO] ============================================================
2026-04-10 16:46:09,704 [INFO] 
\u23f3 階段：資料更新
2026-04-10 16:46:09,704 [INFO] \U0001f680 執行 daily_chip_etl.py（第 1 次）
2026-04-10 16:46:11,980 [INFO] ==========================================================
\U0001f6a2 [旗艦巨獸] 啟動時間: 2026-04-10 16:46:10
==========================================================
========================================================
\U0001f9e9 開機先執行：法人籌碼 CSV → SQL 本地補資料
========================================================
\U0001f4c2 地端 CSV 不存在：daily_chip_data_backup.csv
\U0001f5c4\ufe0f 已讀取 SQL 既有資料鍵值：0 筆
\U0001f4c2 法人籌碼本地 CSV 為空，沒有資料可補進 SQL。
========================================================
\U0001f9e9 開機先執行：月營收 CSV → SQL 本地補資料
========================================================
\u23f3 已寫入 200 筆...
\u23f3 已寫入 400 筆...
\u23f3 已寫入 600 筆...
\u23f3 已寫入 800 筆...
\u23f3 已寫入 1000 筆...
\U0001f389 SQL 寫入完成：1064 筆 -> monthly_revenue_simple
\U0001f389 月營收本地 CSV 已補進 SQL。
========================================================
\U0001f9e9 開機先執行：季財報 CSV → SQL 本地補資料
========================================================
\U0001f4c2 季財報本地 CSV 不存在：market_financials_backup_fullspeed.csv

\u26aa [日更雷達] 法人籌碼上網補抓：尚未到可抓取時間 17:30，目前 16:46。

\u26aa [月更雷達] 月營收上網補抓：尚未到可抓取時間 18:30，目前 16:46。

\u26aa [季更雷達] 季財報上網補抓：日期條件未達成。

==========================================================
\U0001f3c1 全產線自動化排程檢測完畢！
==========================================================

2026-04-10 16:46:11,980 [INFO] \u2705 完成 daily_chip_etl.py（2.3s）
2026-04-10 16:46:12,114 [INFO] 
\u26a1 今日跳過 AI 重訓，使用現役模型
2026-04-10 16:46:12,870 [INFO] \U0001f324\ufe0f 大盤氣候判定：多頭順風，允許標準火力。
2026-04-10 16:46:12,870 [INFO] \U0001f30d 市場氣候：多頭順風 | 風險倍率：1.00
2026-04-10 16:46:12,870 [INFO] \U0001f4e1 啟動動態索敵雷達：正在從 SQL 資料庫獲取監控名單...
2026-04-10 16:46:12,870 [INFO] \U0001f6d1 致命錯誤：無法連線 SQL 或獲取動態名單！詳細原因: 資料庫中找不到任何股票代碼！請檢查資料表是否為空。
2026-04-10 16:46:12,870 [INFO] \U0001f4ca 已生成系統日誌 daily_report.json
2026-04-10 17:55:30,784 [INFO] 
============================================================
2026-04-10 17:55:30,784 [INFO] \u2699\ufe0f HFA 全自動研究與訓練管線 (Self-Guarded) 啟動
2026-04-10 17:55:30,784 [INFO] ============================================================
2026-04-10 17:55:30,784 [INFO] 
\u23f3 階段：資料更新
2026-04-10 17:55:30,784 [INFO] \U0001f680 執行 daily_chip_etl.py（第 1 次）
2026-04-10 17:55:32,881 [INFO] ==========================================================
\U0001f6a2 [旗艦巨獸] 啟動時間: 2026-04-10 17:55:31
==========================================================
========================================================
\U0001f9e9 開機先執行：法人籌碼 CSV → SQL 本地補資料
========================================================
\U0001f4c2 地端 CSV 不存在：daily_chip_data_backup.csv
\U0001f5c4\ufe0f 已讀取 SQL 既有資料鍵值：0 筆
\U0001f4c2 法人籌碼本地 CSV 為空，沒有資料可補進 SQL。
========================================================
\U0001f9e9 開機先執行：月營收 CSV → SQL 本地補資料
========================================================
\u23f3 已寫入 200 筆...
\u23f3 已寫入 400 筆...
\u23f3 已寫入 600 筆...
\u23f3 已寫入 800 筆...
\u23f3 已寫入 1000 筆...
\U0001f389 SQL 寫入完成：1064 筆 -> monthly_revenue_simple
\U0001f389 月營收本地 CSV 已補進 SQL。
========================================================
\U0001f9e9 開機先執行：季財報 CSV → SQL 本地補資料
========================================================
\U0001f4c2 季財報本地 CSV 不存在：market_financials_backup_fullspeed.csv

\U0001f7e2 [日更雷達] 法人籌碼上網補抓：符合條件，可立即補跑。
========================================================
\U0001f310 啟動法人籌碼上網補抓：只處理缺漏新資料
========================================================
\u26a0\ufe0f 尚未設定 FINMIND_API_TOKEN，請先設定後再執行

\u26aa [月更雷達] 月營收上網補抓：尚未到可抓取時間 18:30，目前 17:55。

\u26aa [季更雷達] 季財報上網補抓：日期條件未達成。

==========================================================
\U0001f3c1 全產線自動化排程檢測完畢！
==========================================================

2026-04-10 17:55:32,881 [INFO] \u2705 完成 daily_chip_etl.py（2.1s）
2026-04-10 17:55:33,023 [INFO] 
\u26a1 今日跳過 AI 重訓，使用現役模型
2026-04-10 17:55:33,706 [INFO] \U0001f324\ufe0f 大盤氣候判定：多頭順風，允許標準火力。
2026-04-10 17:55:33,706 [INFO] \U0001f30d 市場氣候：多頭順風 | 風險倍率：1.00
2026-04-10 17:55:33,706 [INFO] \U0001f4e1 啟動動態索敵雷達：正在從 SQL 資料庫獲取監控名單...
2026-04-10 17:55:33,710 [INFO] \U0001f6d1 致命錯誤：無法連線 SQL 或獲取動態名單！詳細原因: 資料庫中找不到任何股票代碼！請檢查資料表是否為空。
2026-04-10 17:55:33,712 [INFO] \U0001f4ca 已生成系統日誌 daily_report.json
2026-04-10 18:18:55,394 [INFO] 
============================================================
2026-04-10 18:18:55,394 [INFO] \u2699\ufe0f HFA 全自動研究與訓練管線 (Self-Guarded) 啟動
2026-04-10 18:18:55,396 [INFO] ============================================================
2026-04-10 18:18:55,396 [INFO] 
\u23f3 階段：資料更新
2026-04-10 18:18:55,396 [INFO] \U0001f680 執行 daily_chip_etl.py（第 1 次）
2026-04-10 18:18:57,627 [INFO] ==========================================================
\U0001f6a2 [旗艦巨獸] 啟動時間: 2026-04-10 18:18:56
==========================================================
========================================================
\U0001f9e9 開機先執行：法人籌碼 CSV → SQL 本地補資料
========================================================
\U0001f4c2 地端 CSV 不存在：daily_chip_data_backup.csv
\U0001f5c4\ufe0f 已讀取 SQL 既有資料鍵值：0 筆
\U0001f4c2 法人籌碼本地 CSV 為空，沒有資料可補進 SQL。
========================================================
\U0001f9e9 開機先執行：月營收 CSV → SQL 本地補資料
========================================================
\u23f3 已寫入 200 筆...
\u23f3 已寫入 400 筆...
\u23f3 已寫入 600 筆...
\u23f3 已寫入 800 筆...
\u23f3 已寫入 1000 筆...
\U0001f389 SQL 寫入完成：1064 筆 -> monthly_revenue_simple
\U0001f389 月營收本地 CSV 已補進 SQL。
========================================================
\U0001f9e9 開機先執行：季財報 CSV → SQL 本地補資料
========================================================
\U0001f4c2 季財報本地 CSV 不存在：market_financials_backup_fullspeed.csv

\U0001f7e2 [日更雷達] 法人籌碼上網補抓：符合條件，可立即補跑。
========================================================
\U0001f310 啟動法人籌碼上網補抓：只處理缺漏新資料
========================================================
\u26a0\ufe0f 尚未設定 FINMIND_API_TOKEN，請先設定後再執行

\u26aa [月更雷達] 月營收上網補抓：尚未到可抓取時間 18:30，目前 18:18。

\u26aa [季更雷達] 季財報上網補抓：日期條件未達成。

==========================================================
\U0001f3c1 全產線自動化排程檢測完畢！
==========================================================

2026-04-10 18:18:57,627 [INFO] \u2705 完成 daily_chip_etl.py（2.2s）
2026-04-10 18:18:57,863 [INFO] 
\u26a1 今日跳過 AI 重訓，使用現役模型
2026-04-10 18:18:58,766 [INFO] \U0001f324\ufe0f 大盤氣候判定：多頭順風，允許標準火力。
2026-04-10 18:18:58,766 [INFO] \U0001f30d 市場氣候：多頭順風 | 風險倍率：1.00
2026-04-10 18:18:58,766 [INFO] \U0001f4e1 啟動動態索敵雷達：正在從 SQL 資料庫獲取監控名單...
2026-04-10 18:18:58,770 [INFO] \U0001f6d1 致命錯誤：無法連線 SQL 或獲取動態名單！詳細原因: 資料庫中找不到任何股票代碼！請檢查資料表是否為空。
2026-04-10 18:18:58,770 [INFO] \U0001f4ca 已生成系統日誌 daily_report.json
2026-04-10 18:19:46,537 [INFO] 
============================================================
2026-04-10 18:19:46,537 [INFO] \u2699\ufe0f HFA 全自動研究與訓練管線 (Self-Guarded) 啟動
2026-04-10 18:19:46,537 [INFO] ============================================================
2026-04-10 18:19:46,537 [INFO] 
\u23f3 階段：資料更新
2026-04-10 18:19:46,537 [INFO] \U0001f680 執行 daily_chip_etl.py（第 1 次）
2026-04-10 18:19:48,871 [INFO] ==========================================================
\U0001f6a2 [旗艦巨獸] 啟動時間: 2026-04-10 18:19:47
==========================================================
========================================================
\U0001f9e9 開機先執行：法人籌碼 CSV → SQL 本地補資料
========================================================
\U0001f4c2 地端 CSV 不存在：daily_chip_data_backup.csv
\U0001f5c4\ufe0f 已讀取 SQL 既有資料鍵值：0 筆
\U0001f4c2 法人籌碼本地 CSV 為空，沒有資料可補進 SQL。
========================================================
\U0001f9e9 開機先執行：月營收 CSV → SQL 本地補資料
========================================================
\u23f3 已寫入 200 筆...
\u23f3 已寫入 400 筆...
\u23f3 已寫入 600 筆...
\u23f3 已寫入 800 筆...
\u23f3 已寫入 1000 筆...
\U0001f389 SQL 寫入完成：1064 筆 -> monthly_revenue_simple
\U0001f389 月營收本地 CSV 已補進 SQL。
========================================================
\U0001f9e9 開機先執行：季財報 CSV → SQL 本地補資料
========================================================
\U0001f4c2 季財報本地 CSV 不存在：market_financials_backup_fullspeed.csv

\U0001f7e2 [日更雷達] 法人籌碼上網補抓：符合條件，可立即補跑。
========================================================
\U0001f310 啟動法人籌碼上網補抓：只處理缺漏新資料
========================================================
\u26a0\ufe0f 尚未設定 FINMIND_API_TOKEN，請先設定後再執行

\u26aa [月更雷達] 月營收上網補抓：尚未到可抓取時間 18:30，目前 18:19。

\u26aa [季更雷達] 季財報上網補抓：日期條件未達成。

==========================================================
\U0001f3c1 全產線自動化排程檢測完畢！
==========================================================

2026-04-10 18:19:48,871 [INFO] \u2705 完成 daily_chip_etl.py（2.3s）
2026-04-10 18:19:48,995 [INFO] 
\u26a1 今日跳過 AI 重訓，使用現役模型
2026-04-10 18:19:49,682 [INFO] \U0001f324\ufe0f 大盤氣候判定：多頭順風，允許標準火力。
2026-04-10 18:19:49,682 [INFO] \U0001f30d 市場氣候：多頭順風 | 風險倍率：1.00
2026-04-10 18:19:49,682 [INFO] \U0001f4e1 啟動動態索敵雷達：正在從 SQL 資料庫獲取監控名單...
2026-04-10 18:19:49,688 [INFO] \U0001f6d1 致命錯誤：無法連線 SQL 或獲取動態名單！詳細原因: 資料庫中找不到任何股票代碼！請檢查資料表是否為空。
2026-04-10 18:19:49,688 [INFO] \U0001f4ca 已生成系統日誌 daily_report.json
