[20:58:58] ============================================================
[20:58:58] 🚀 啟動 正式交易主控版_v3
[20:58:58] 🧭 模式：PAPER
[20:58:58] 📈 目前整體升級進度：69.9%
[20:58:58] ============================================================
[20:58:58] ✅ SQL Server 連線成功。
[20:58:58] ✅ execution tables ready.
[20:58:58] 📚 舊檔角色整理：
[20:58:58] 【保留核心模組】
[20:58:58]    - daily_chip_etl.py
[20:58:58]    - monthly_revenue_simple.py
[20:58:58]    - yahoo_csv_to_sql.py
[20:58:58]    - ml_data_generator.py
[20:58:58]    - ml_trainer.py
[20:58:58]    - model_governance.py
[20:58:58]    - screening.py
[20:58:58]    - fundamental_screener.py
[20:58:58]    - strategies.py
[20:58:58]    - sector_classifier.py
[20:58:58]    - advanced_chart.py
[20:58:58]    - performance.py
[20:58:58]    - db_setup.py
[20:58:58] 【轉為外掛模組】
[20:58:58]    - paper_broker.py
[20:58:58]    - broker_base.py
[20:58:58]    - risk_gateway.py
[20:58:58]    - execution_engine.py
[20:58:58]    - db_logger.py
[20:58:58] 【待退役入口檔】
[20:58:58]    - live_paper_trading.py
[20:58:58]    - master_pipeline.py
[20:58:58]    - launcher.py
[20:58:58] 🎯 階段四：執行層
[20:58:58] 📥 載入決策檔：C:\test\test-2026-3-22OK\daily_decision_desk.csv
[20:58:58] ❌ 系統例外：
[20:58:58] CSV 缺少必要欄位：action | 現有欄位=['Ticker', 'Direction', 'Regime', 'Structure', 'AI_Proba', 'Hist_WinRate', 'Heuristic_EV', 'Realized_EV', 'Kelly_Pos', 'Score', 'Risk', 'Health', '預期停損(%)', '預期停利(%)', '風報比(RR)', '風險金額']
[20:58:58] Traceback (most recent call last):
  File "c:\test\test-2026-3-22OK\formal_trading_system_v3.py", line 1021, in main
    system.run_pipeline()
    ~~~~~~~~~~~~~~~~~~~^^
  File "c:\test\test-2026-3-22OK\formal_trading_system_v3.py", line 895, in run_pipeline
    self.stage_results["execution"] = self.run_execution_phase()
                                      ~~~~~~~~~~~~~~~~~~~~~~~~^^
  File "c:\test\test-2026-3-22OK\formal_trading_system_v3.py", line 901, in run_execution_phase
    signals = self.signal_loader.load(decision_path)
  File "c:\test\test-2026-3-22OK\formal_trading_system_v3.py", line 619, in load
    raise ValueError(f"CSV 缺少必要欄位：{required} | 現有欄位={cols}")
ValueError: CSV 缺少必要欄位：action | 現有欄位=['Ticker', 'Direction', 'Regime', 'Structure', 'AI_Proba', 'Hist_WinRate', 'Heuristic_EV', 'Realized_EV', 'Kelly_Pos', 'Score', 'Risk', 'Health', '預期停損(%)', '預期停利(%)', '風報比(RR)', '風險金額']

[21:02:15] ============================================================
[21:02:15] 🚀 啟動 正式交易主控版_v3
[21:02:15] 🧭 模式：PAPER
[21:02:15] 📈 目前整體升級進度：69.9%
[21:02:15] ============================================================
[21:02:15] ✅ SQL Server 連線成功。
[21:02:15] ✅ execution tables ready.
[21:02:15] 📚 舊檔角色整理：
[21:02:15] 【保留核心模組】
[21:02:15]    - daily_chip_etl.py
[21:02:15]    - monthly_revenue_simple.py
[21:02:15]    - yahoo_csv_to_sql.py
[21:02:15]    - ml_data_generator.py
[21:02:15]    - ml_trainer.py
[21:02:15]    - model_governance.py
[21:02:15]    - screening.py
[21:02:15]    - fundamental_screener.py
[21:02:15]    - strategies.py
[21:02:15]    - sector_classifier.py
[21:02:15]    - advanced_chart.py
[21:02:15]    - performance.py
[21:02:15]    - db_setup.py
[21:02:15] 【轉為外掛模組】
[21:02:15]    - paper_broker.py
[21:02:15]    - broker_base.py
[21:02:15]    - risk_gateway.py
[21:02:15]    - execution_engine.py
[21:02:15]    - db_logger.py
[21:02:15] 【待退役入口檔】
[21:02:15]    - live_paper_trading.py
[21:02:15]    - master_pipeline.py
[21:02:15]    - launcher.py
[21:02:15] 🎯 階段四：執行層
[21:02:15] 📥 載入決策檔：C:\test\test-2026-3-22OK\daily_decision_desk.csv
[21:02:15] ❌ 系統例外：
[21:02:15] CSV 缺少必要欄位：action | 現有欄位=['Ticker', 'Direction', 'Regime', 'Structure', 'AI_Proba', 'Hist_WinRate', 'Heuristic_EV', 'Realized_EV', 'Kelly_Pos', 'Score', 'Risk', 'Health', '預期停損(%)', '預期停利(%)', '風報比(RR)', '風險金額']
[21:02:15] Traceback (most recent call last):
  File "c:\test\test-2026-3-22OK\formal_trading_system_v3.py", line 1021, in main
    system.run_pipeline()
    ~~~~~~~~~~~~~~~~~~~^^
  File "c:\test\test-2026-3-22OK\formal_trading_system_v3.py", line 895, in run_pipeline
    self.stage_results["execution"] = self.run_execution_phase()
                                      ~~~~~~~~~~~~~~~~~~~~~~~~^^
  File "c:\test\test-2026-3-22OK\formal_trading_system_v3.py", line 901, in run_execution_phase
    signals = self.signal_loader.load(decision_path)
  File "c:\test\test-2026-3-22OK\formal_trading_system_v3.py", line 619, in load
    raise ValueError(f"CSV 缺少必要欄位：{required} | 現有欄位={cols}")
ValueError: CSV 缺少必要欄位：action | 現有欄位=['Ticker', 'Direction', 'Regime', 'Structure', 'AI_Proba', 'Hist_WinRate', 'Heuristic_EV', 'Realized_EV', 'Kelly_Pos', 'Score', 'Risk', 'Health', '預期停損(%)', '預期停利(%)', '風報比(RR)', '風險金額']

