[22:20:42] ============================================================
[22:20:42] 🚀 啟動 正式交易主控版_v11
[22:20:42] 🧭 模式：PAPER
[22:20:42] 🏦 broker_type：paper
[22:20:42] 📈 目前整體升級進度：76.2%
[22:20:42] ============================================================
[22:20:42] ✅ SQL Server 連線成功。
[22:20:42] ✅ execution tables ready.
[22:20:42] 📚 版本保留建議：
[22:20:42]    - 主入口：formal_trading_system_v11.py
[22:20:42]    - 建議保留：formal_trading_system_v10.py, formal_trading_system_v11.py
[22:20:42] 🧪 preflight all_passed=True
[22:20:42] 🎯 階段四：執行層
[22:20:42] 📥 載入決策檔：C:\test\test-2026-3-22OK\daily_decision_desk.csv
[22:20:42] 🧩 已輸出 normalized decision csv：C:\test\test-2026-3-22OK\data\normalized_decision_output.csv
[22:20:42] ❌ 系統例外：
[22:20:42] 'SignalLoader' object has no attribute 'load_from_normalized_df'
[22:20:42] Traceback (most recent call last):
  File "c:\test\test-2026-3-22OK\formal_trading_system_v11.py", line 149, in main
    app.run()
    ~~~~~~~^^
  File "c:\test\test-2026-3-22OK\formal_trading_system_v11.py", line 74, in run
    signals = self.signal_loader.load_from_normalized_df(normalized_df)
              ^^^^^^^^^^^^^^^^^^^^^^^^^^^^^^^^^^^^^^^^^^
AttributeError: 'SignalLoader' object has no attribute 'load_from_normalized_df'

[22:20:48] ============================================================
[22:20:48] 🚀 啟動 正式交易主控版_v11
[22:20:48] 🧭 模式：PAPER
[22:20:48] 🏦 broker_type：paper
[22:20:48] 📈 目前整體升級進度：76.2%
[22:20:48] ============================================================
[22:20:48] ✅ SQL Server 連線成功。
[22:20:48] ✅ execution tables ready.
[22:20:48] 📚 版本保留建議：
[22:20:48]    - 主入口：formal_trading_system_v11.py
[22:20:48]    - 建議保留：formal_trading_system_v10.py, formal_trading_system_v11.py
[22:20:48] 🧪 preflight all_passed=True
[22:20:48] 🎯 階段四：執行層
[22:20:48] 📥 載入決策檔：C:\test\test-2026-3-22OK\daily_decision_desk.csv
[22:20:48] ✅ 讀入訊號：0 筆 | execution_ready=False | with_model_name=0 | with_regime=0
[22:20:48] 🛡️ 風控通過：0
[22:20:48] 🚫 風控擋下：0
[22:20:48] 💰 帳戶快照 | cash=3,000,000 | mv=0 | equity=3,000,000 | exposure=0.00%
[22:20:48] 💾 已儲存 state：C:\test\test-2026-3-22OK\state\engine_state.json
[22:20:48] ❌ 系統例外：
[22:20:48] ReportBuilder.save() missing 1 required positional argument: 'compat_info'
[22:20:48] Traceback (most recent call last):
  File "c:\test\test-2026-3-22OK\formal_trading_system_v10.py", line 162, in main
    app.run()
    ~~~~~~~^^
  File "c:\test\test-2026-3-22OK\formal_trading_system_v10.py", line 100, in run
    report_path = self.report_builder.save(
        stage_results=stage_results,
    ...<8 lines>...
        decision_path=decision_path,
    )
TypeError: ReportBuilder.save() missing 1 required positional argument: 'compat_info'

[22:20:52] ============================================================
[22:20:52] 🚀 啟動 正式交易主控版_v11
[22:20:52] 🧭 模式：PAPER
[22:20:52] 🏦 broker_type：paper
[22:20:52] 📈 目前整體升級進度：76.2%
[22:20:52] ============================================================
[22:20:52] ✅ SQL Server 連線成功。
[22:20:53] ✅ execution tables ready.
[22:20:53] 📚 版本保留建議：
[22:20:53]    - 主入口：formal_trading_system_v11.py
[22:20:53]    - 建議保留：formal_trading_system_v10.py, formal_trading_system_v11.py
[22:20:53] ♻️ 已從 state 檔恢復狀態，saved_at=2026-04-07 22:20:48 positions=0
[22:20:53] 🧪 preflight all_passed=True
[22:20:53] 🎯 階段四：執行層
[22:20:53] 📥 載入決策檔：C:\test\test-2026-3-22OK\daily_decision_desk.csv
[22:20:53] 🧩 已輸出 normalized decision csv：C:\test\test-2026-3-22OK\data\normalized_decision_output.csv
[22:20:53] ❌ 系統例外：
[22:20:53] 'SignalLoader' object has no attribute 'load_from_normalized_df'
[22:20:53] Traceback (most recent call last):
  File "c:\test\test-2026-3-22OK\formal_trading_system_v11.py", line 149, in main
    app.run()
    ~~~~~~~^^
  File "c:\test\test-2026-3-22OK\formal_trading_system_v11.py", line 74, in run
    signals = self.signal_loader.load_from_normalized_df(normalized_df)
              ^^^^^^^^^^^^^^^^^^^^^^^^^^^^^^^^^^^^^^^^^^
AttributeError: 'SignalLoader' object has no attribute 'load_from_normalized_df'

